app/build/outputs/logs/manifest-merger-debug-report.txt
-- Merging decision tree log ---
manifest
ADDED from src/main/AndroidManifest.xml:2:1-53:12
	package
		ADDED from src/main/AndroidManifest.xml:4:5-35
		INJECTED from src/main/AndroidManifest.xml
		INJECTED from src/main/AndroidManifest.xml
	android:versionName
		INJECTED from src/main/AndroidManifest.xml
		INJECTED from src/main/AndroidManifest.xml
	xmlns:tools
		ADDED from src/main/AndroidManifest.xml:3:5-51
	xmlns:android
		ADDED from src/main/AndroidManifest.xml:2:11-69
	android:versionCode
		INJECTED from src/main/AndroidManifest.xml
		INJECTED from src/main/AndroidManifest.xml
uses-permission#android.permission.CALL_PHONE
ADDED from src/main/AndroidManifest.xml:6:5-69
MERGED from [com.hover:android-sdk:0.12.0] AndroidManifest.xml:11:5-69
	android:name
		ADDED from src/main/AndroidManifest.xml:6:22-66
uses-permission#android.permission.READ_PHONE_STATE
ADDED from src/main/AndroidManifest.xml:7:5-75
MERGED from [com.hover:android-sdk:0.12.0] AndroidManifest.xml:12:5-75
	android:name
		ADDED from src/main/AndroidManifest.xml:7:22-72
uses-permission#android.permission.RECEIVE_SMS
ADDED from src/main/AndroidManifest.xml:8:5-70
MERGED from [com.hover:android-sdk:0.12.0] AndroidManifest.xml:13:5-70
	android:name
		ADDED from src/main/AndroidManifest.xml:8:22-67
uses-permission#android.permission.READ_SMS
ADDED from src/main/AndroidManifest.xml:9:5-67
MERGED from [com.hover:android-sdk:0.12.0] AndroidManifest.xml:14:5-67
	android:name
		ADDED from src/main/AndroidManifest.xml:9:22-64
uses-permission#android.permission.RECEIVE_BOOT_COMPLETED
ADDED from src/main/AndroidManifest.xml:10:5-81
MERGED from [com.hover:android-sdk:0.12.0] AndroidManifest.xml:15:5-81
	android:name
		ADDED from src/main/AndroidManifest.xml:10:22-78
uses-permission#android.permission.BIND_ACCESSIBILITY_SERVICE
ADDED from src/main/AndroidManifest.xml:11:5-85
MERGED from [com.hover:android-sdk:0.12.0] AndroidManifest.xml:16:5-85
	android:name
		ADDED from src/main/AndroidManifest.xml:11:22-82
uses-permission#android.permission.SYSTEM_ALERT_WINDOW
ADDED from src/main/AndroidManifest.xml:12:5-78
MERGED from [com.hover:android-sdk:0.12.0] AndroidManifest.xml:17:5-78
	android:name
		ADDED from src/main/AndroidManifest.xml:12:22-75
uses-permission#android.permission.INTERNET
ADDED from src/main/AndroidManifest.xml:13:5-67
MERGED from [com.hover:android-sdk:0.12.0] AndroidManifest.xml:18:5-67
	android:name
		ADDED from src/main/AndroidManifest.xml:13:22-64
uses-permission#android.permission.ACCESS_NETWORK_STATE
ADDED from src/main/AndroidManifest.xml:14:5-79
MERGED from [com.hover:android-sdk:0.12.0] AndroidManifest.xml:19:5-79
	android:name
		ADDED from src/main/AndroidManifest.xml:14:22-76
uses-permission#android.permission.WRITE_EXTERNAL_STORAGE
ADDED from src/main/AndroidManifest.xml:15:5-81
MERGED from [com.hover:android-sdk:0.12.0] AndroidManifest.xml:20:5-81
	android:name
		ADDED from src/main/AndroidManifest.xml:15:22-78
uses-feature#android.hardware.telephony
ADDED from src/main/AndroidManifest.xml:17:5-63
MERGED from [com.hover:android-sdk:0.12.0] AndroidManifest.xml:22:5-63
	android:name
		ADDED from src/main/AndroidManifest.xml:17:19-60
application
ADDED from src/main/AndroidManifest.xml:19:5-51:19
MERGED from [com.android.support:appcompat-v7:25.1.0] AndroidManifest.xml:25:5-20
MERGED from [com.android.support:support-v4:25.1.0] AndroidManifest.xml:25:5-20
MERGED from [com.android.support:support-fragment:25.1.0] AndroidManifest.xml:25:5-20
MERGED from [com.android.support:support-media-compat:25.1.0] AndroidManifest.xml:25:5-20
MERGED from [com.android.support:support-core-ui:25.1.0] AndroidManifest.xml:25:5-20
MERGED from [com.android.support:support-core-utils:25.1.0] AndroidManifest.xml:25:5-20
MERGED from [com.android.support:animated-vector-drawable:25.1.0] AndroidManifest.xml:22:5-20
MERGED from [com.android.support:support-vector-drawable:25.1.0] AndroidManifest.xml:23:5-20
MERGED from [com.android.support:support-compat:25.1.0] AndroidManifest.xml:25:5-20
MERGED from [com.hover:android-sdk:0.12.0] AndroidManifest.xml:24:5-90:19
	android:label
		ADDED from src/main/AndroidManifest.xml:23:9-49
	android:supportsRtl
		ADDED from src/main/AndroidManifest.xml:24:9-35
	android:allowBackup
		ADDED from src/main/AndroidManifest.xml:21:9-35
	android:icon
		ADDED from src/main/AndroidManifest.xml:22:9-44
	android:theme
		ADDED from src/main/AndroidManifest.xml:25:9-40
	tools:replace
		ADDED from src/main/AndroidManifest.xml:26:9-38
	android:name
		ADDED from src/main/AndroidManifest.xml:20:9-35
activity#com.usehover.wm.test.activities.AddPaymentMethodActivity
ADDED from src/main/AndroidManifest.xml:28:9-33:20
	android:name
		ADDED from src/main/AndroidManifest.xml:28:19-70
intent-filter#android.intent.action.MAIN+android.intent.category.LAUNCHER
ADDED from src/main/AndroidManifest.xml:29:13-32:29
action#android.intent.action.MAIN
ADDED from src/main/AndroidManifest.xml:30:17-69
	android:name
		ADDED from src/main/AndroidManifest.xml:30:25-66
category#android.intent.category.LAUNCHER
ADDED from src/main/AndroidManifest.xml:31:17-77
	android:name
		ADDED from src/main/AndroidManifest.xml:31:27-74
activity#com.usehover.wm.test.activities.WaveMoneyActionsActivity
ADDED from src/main/AndroidManifest.xml:35:9-37:20
	android:name
		ADDED from src/main/AndroidManifest.xml:35:19-70
receiver#com.usehover.wm.test.receivers.HoverWMTransactionReceiver
ADDED from src/main/AndroidManifest.xml:39:9-46:20
	android:enabled
		ADDED from src/main/AndroidManifest.xml:41:13-35
	android:exported
		ADDED from src/main/AndroidManifest.xml:42:13-37
	android:name
		ADDED from src/main/AndroidManifest.xml:40:13-65
intent-filter#com.usehover.wm.test.CONFIRMED_TRANSACTION
ADDED from src/main/AndroidManifest.xml:43:13-45:29
action#com.usehover.wm.test.CONFIRMED_TRANSACTION
ADDED from src/main/AndroidManifest.xml:44:17-85
	android:name
		ADDED from src/main/AndroidManifest.xml:44:25-82
meta-data#com.hover.ApiKey
ADDED from src/main/AndroidManifest.xml:48:9-50:64
	android:value
		ADDED from src/main/AndroidManifest.xml:50:13-61
	android:name
		ADDED from src/main/AndroidManifest.xml:49:13-44
uses-sdk
INJECTED from src/main/AndroidManifest.xml reason: use-sdk injection requested
MERGED from [com.android.support:appcompat-v7:25.1.0] AndroidManifest.xml:21:5-23:78
MERGED from [com.android.support:support-v4:25.1.0] AndroidManifest.xml:21:5-23:54
MERGED from [com.android.support:support-fragment:25.1.0] AndroidManifest.xml:21:5-23:60
MERGED from [com.android.support:support-media-compat:25.1.0] AndroidManifest.xml:21:5-23:63
MERGED from [com.android.support:support-core-ui:25.1.0] AndroidManifest.xml:21:5-23:58
MERGED from [com.android.support:support-core-utils:25.1.0] AndroidManifest.xml:21:5-23:61
MERGED from [com.android.support:animated-vector-drawable:25.1.0] AndroidManifest.xml:20:5-44
MERGED from [com.android.support:support-vector-drawable:25.1.0] AndroidManifest.xml:21:5-43
MERGED from [com.android.support:support-compat:25.1.0] AndroidManifest.xml:21:5-23:58
MERGED from [com.hover:android-sdk:0.12.0] AndroidManifest.xml:7:5-9:41
MERGED from [com.jakewharton:butterknife:8.1.0] AndroidManifest.xml:5:5-43
	tools:overrideLibrary
		ADDED from [com.android.support:appcompat-v7:25.1.0] AndroidManifest.xml:23:9-75
	android:targetSdkVersion
		INJECTED from src/main/AndroidManifest.xml
		INJECTED from src/main/AndroidManifest.xml
	android:minSdkVersion
		INJECTED from src/main/AndroidManifest.xml
		INJECTED from src/main/AndroidManifest.xml
activity#com.hover.sdk.main.HoverActivity
ADDED from [com.hover:android-sdk:0.12.0] AndroidManifest.xml:27:9-37:20
	android:label
		ADDED from [com.hover:android-sdk:0.12.0] AndroidManifest.xml:29:13-29
	android:launchMode
		ADDED from [com.hover:android-sdk:0.12.0] AndroidManifest.xml:30:13-43
	android:theme
		ADDED from [com.hover:android-sdk:0.12.0] AndroidManifest.xml:31:13-52
	android:name
		ADDED from [com.hover:android-sdk:0.12.0] AndroidManifest.xml:28:13-60
intent-filter#android.intent.action.GET_CONTENT+android.intent.category.DEFAULT
ADDED from [com.hover:android-sdk:0.12.0] AndroidManifest.xml:32:13-36:29
action#android.intent.action.GET_CONTENT
ADDED from [com.hover:android-sdk:0.12.0] AndroidManifest.xml:33:17-76
	android:name
		ADDED from [com.hover:android-sdk:0.12.0] AndroidManifest.xml:33:25-73
category#android.intent.category.DEFAULT
ADDED from [com.hover:android-sdk:0.12.0] AndroidManifest.xml:35:17-76
	android:name
		ADDED from [com.hover:android-sdk:0.12.0] AndroidManifest.xml:35:27-73
activity#com.hover.sdk.onboarding.HoverIntegrationActivity
ADDED from [com.hover:android-sdk:0.12.0] AndroidManifest.xml:38:9-43:20
	android:label
		ADDED from [com.hover:android-sdk:0.12.0] AndroidManifest.xml:40:13-29
	android:launchMode
		ADDED from [com.hover:android-sdk:0.12.0] AndroidManifest.xml:41:13-43
	android:theme
		ADDED from [com.hover:android-sdk:0.12.0] AndroidManifest.xml:42:13-47
	android:name
		ADDED from [com.hover:android-sdk:0.12.0] AndroidManifest.xml:39:13-77
service#com.hover.sdk.requests.HoverAccessibilityService
ADDED from [com.hover:android-sdk:0.12.0] AndroidManifest.xml:45:9-55:19
	android:permission
		ADDED from [com.hover:android-sdk:0.12.0] AndroidManifest.xml:47:13-79
	android:name
		ADDED from [com.hover:android-sdk:0.12.0] AndroidManifest.xml:46:13-76
intent-filter#android.accessibilityservice.AccessibilityService
ADDED from [com.hover:android-sdk:0.12.0] AndroidManifest.xml:48:13-50:29
action#android.accessibilityservice.AccessibilityService
ADDED from [com.hover:android-sdk:0.12.0] AndroidManifest.xml:49:17-92
	android:name
		ADDED from [com.hover:android-sdk:0.12.0] AndroidManifest.xml:49:25-89
meta-data#android.accessibilityservice
ADDED from [com.hover:android-sdk:0.12.0] AndroidManifest.xml:52:13-54:58
	android:resource
		ADDED from [com.hover:android-sdk:0.12.0] AndroidManifest.xml:54:17-55
	android:name
		ADDED from [com.hover:android-sdk:0.12.0] AndroidManifest.xml:53:17-60
service#com.hover.sdk.mocking.MockRequestService
ADDED from [com.hover:android-sdk:0.12.0] AndroidManifest.xml:56:9-57:19
	android:name
		ADDED from [com.hover:android-sdk:0.12.0] AndroidManifest.xml:56:18-73
receiver#com.hover.sdk.receivers.IncomingSMSReceiver
ADDED from [com.hover:android-sdk:0.12.0] AndroidManifest.xml:59:9-67:20
	android:enabled
		ADDED from [com.hover:android-sdk:0.12.0] AndroidManifest.xml:61:13-35
	android:exported
		ADDED from [com.hover:android-sdk:0.12.0] AndroidManifest.xml:62:13-36
	android:permission
		ADDED from [com.hover:android-sdk:0.12.0] AndroidManifest.xml:63:13-66
	android:name
		ADDED from [com.hover:android-sdk:0.12.0] AndroidManifest.xml:60:13-71
intent-filter#android.provider.Telephony.SMS_RECEIVED
ADDED from [com.hover:android-sdk:0.12.0] AndroidManifest.xml:64:13-66:29
	android:priority
		ADDED from [com.hover:android-sdk:0.12.0] AndroidManifest.xml:64:28-51
action#android.provider.Telephony.SMS_RECEIVED
ADDED from [com.hover:android-sdk:0.12.0] AndroidManifest.xml:65:17-82
	android:name
		ADDED from [com.hover:android-sdk:0.12.0] AndroidManifest.xml:65:25-79
service#com.hover.sdk.parsers.ParserService
ADDED from [com.hover:android-sdk:0.12.0] AndroidManifest.xml:69:9-70:19
	android:name
		ADDED from [com.hover:android-sdk:0.12.0] AndroidManifest.xml:69:18-68
service#com.hover.sdk.utils.UpdateService
ADDED from [com.hover:android-sdk:0.12.0] AndroidManifest.xml:71:9-72:19
	android:name
		ADDED from [com.hover:android-sdk:0.12.0] AndroidManifest.xml:71:18-66
service#com.hover.sdk.operators.OperatorUpdateService
ADDED from [com.hover:android-sdk:0.12.0] AndroidManifest.xml:73:9-74:19
	android:name
		ADDED from [com.hover:android-sdk:0.12.0] AndroidManifest.xml:73:18-78
service#com.hover.sdk.transactions.TransactionUpService
ADDED from [com.hover:android-sdk:0.12.0] AndroidManifest.xml:75:9-76:19
	android:name
		ADDED from [com.hover:android-sdk:0.12.0] AndroidManifest.xml:75:18-80
service#com.hover.sdk.requests.LogService
ADDED from [com.hover:android-sdk:0.12.0] AndroidManifest.xml:77:9-78:19
	android:name
		ADDED from [com.hover:android-sdk:0.12.0] AndroidManifest.xml:77:18-66
receiver#com.hover.sdk.receivers.BootReceiver
ADDED from [com.hover:android-sdk:0.12.0] AndroidManifest.xml:80:9-89:20
	android:enabled
		ADDED from [com.hover:android-sdk:0.12.0] AndroidManifest.xml:82:13-35
	android:permission
		ADDED from [com.hover:android-sdk:0.12.0] AndroidManifest.xml:83:13-75
	android:name
		ADDED from [com.hover:android-sdk:0.12.0] AndroidManifest.xml:81:13-64
intent-filter#android.intent.action.BOOT_COMPLETED+android.intent.category.DEFAULT
ADDED from [com.hover:android-sdk:0.12.0] AndroidManifest.xml:84:13-88:29
action#android.intent.action.BOOT_COMPLETED
ADDED from [com.hover:android-sdk:0.12.0] AndroidManifest.xml:85:17-79
	android:name
		ADDED from [com.hover:android-sdk:0.12.0] AndroidManifest.xml:85:25-76